# JRE version: OpenJDK Runtime Environment (8.0_242-b01) (build 1.8.0_242-release-1644-b01)
# Java VM: OpenJDK 64-Bit Server VM (25.242-b01 mixed mode windows-amd64 compressed oops)
Heap:
 PSYoungGen      total 445952K, used 349774K [0x00000000d5580000, 0x00000000f4280000, 0x0000000100000000)
  eden space 395264K, 78% used [0x00000000d5580000,0x00000000e82ffcc0,0x00000000ed780000)
  from space 50688K, 80% used [0x00000000f0f00000,0x00000000f3713e08,0x00000000f4080000)
  to   space 54784K, 0% used [0x00000000ed780000,0x00000000ed780000,0x00000000f0d00000)
 ParOldGen       total 151040K, used 101147K [0x0000000080000000, 0x0000000089380000, 0x00000000d5580000)
  object space 151040K, 66% used [0x0000000080000000,0x00000000862c6dc8,0x0000000089380000)
 Metaspace       used 114154K, capacity 120844K, committed 121176K, reserved 1155072K
  class space    used 14840K, capacity 16109K, committed 16216K, reserved 1048576K
GC Heap History (10 events):
Event: 3733.663 GC heap before
{Heap before GC invocations=20 (full 4):
 PSYoungGen      total 292352K, used 277307K [0x00000000d5580000, 0x00000000ec280000, 0x0000000100000000)
  eden space 253952K, 100% used [0x00000000d5580000,0x00000000e4d80000,0x00000000e4d80000)
  from space 38400K, 60% used [0x00000000e4d80000,0x00000000e644ece0,0x00000000e7300000)
  to   space 39424K, 0% used [0x00000000e9c00000,0x00000000e9c00000,0x00000000ec280000)
 ParOldGen       total 151040K, used 63678K [0x0000000080000000, 0x0000000089380000, 0x00000000d5580000)
  object space 151040K, 42% used [0x0000000080000000,0x0000000083e2f9a8,0x0000000089380000)
 Metaspace       used 96085K, capacity 100162K, committed 101208K, reserved 1136640K
  class space    used 12342K, capacity 13167K, committed 13400K, reserved 1048576K
Event: 3733.782 GC heap after
Heap after GC invocations=20 (full 4):
 PSYoungGen      total 326656K, used 37928K [0x00000000d5580000, 0x00000000ec600000, 0x0000000100000000)
  eden space 287232K, 0% used [0x00000000d5580000,0x00000000d5580000,0x00000000e6e00000)
  from space 39424K, 96% used [0x00000000e9c00000,0x00000000ec10a170,0x00000000ec280000)
  to   space 45056K, 0% used [0x00000000e6e00000,0x00000000e6e00000,0x00000000e9a00000)
 ParOldGen       total 151040K, used 63686K [0x0000000080000000, 0x0000000089380000, 0x00000000d5580000)
  object space 151040K, 42% used [0x0000000080000000,0x0000000083e319a8,0x0000000089380000)
 Metaspace       used 96085K, capacity 100162K, committed 101208K, reserved 1136640K
  class space    used 12342K, capacity 13167K, committed 13400K, reserved 1048576K
}
Event: 3829.081 GC heap before
{Heap before GC invocations=21 (full 4):
 PSYoungGen      total 326656K, used 325160K [0x00000000d5580000, 0x00000000ec600000, 0x0000000100000000)
  eden space 287232K, 100% used [0x00000000d5580000,0x00000000e6e00000,0x00000000e6e00000)
  from space 39424K, 96% used [0x00000000e9c00000,0x00000000ec10a170,0x00000000ec280000)
  to   space 45056K, 0% used [0x00000000e6e00000,0x00000000e6e00000,0x00000000e9a00000)
 ParOldGen       total 151040K, used 63686K [0x0000000080000000, 0x0000000089380000, 0x00000000d5580000)
  object space 151040K, 42% used [0x0000000080000000,0x0000000083e319a8,0x0000000089380000)
 Metaspace       used 97578K, capacity 101974K, committed 102488K, reserved 1138688K
  class space    used 12516K, capacity 13440K, committed 13656K, reserved 1048576K
Event: 3830.513 GC heap after
Heap after GC invocations=21 (full 4):
 PSYoungGen      total 332288K, used 45039K [0x00000000d5580000, 0x00000000eff80000, 0x0000000100000000)
  eden space 287232K, 0% used [0x00000000d5580000,0x00000000d5580000,0x00000000e6e00000)
  from space 45056K, 99% used [0x00000000e6e00000,0x00000000e99fbc80,0x00000000e9a00000)
  to   space 52736K, 0% used [0x00000000ecc00000,0x00000000ecc00000,0x00000000eff80000)
 ParOldGen       total 151040K, used 65086K [0x0000000080000000, 0x0000000089380000, 0x00000000d5580000)
  object space 151040K, 43% used [0x0000000080000000,0x0000000083f8fbe8,0x0000000089380000)
 Metaspace       used 97578K, capacity 101974K, committed 102488K, reserved 1138688K
  class space    used 12516K, capacity 13440K, committed 13656K, reserved 1048576K
}
Event: 4255.409 GC heap before
{Heap before GC invocations=22 (full 4):
 PSYoungGen      total 332288K, used 332271K [0x00000000d5580000, 0x00000000eff80000, 0x0000000100000000)
  eden space 287232K, 100% used [0x00000000d5580000,0x00000000e6e00000,0x00000000e6e00000)
  from space 45056K, 99% used [0x00000000e6e00000,0x00000000e99fbc80,0x00000000e9a00000)
  to   space 52736K, 0% used [0x00000000ecc00000,0x00000000ecc00000,0x00000000eff80000)
 ParOldGen       total 151040K, used 65086K [0x0000000080000000, 0x0000000089380000, 0x00000000d5580000)
  object space 151040K, 43% used [0x0000000080000000,0x0000000083f8fbe8,0x0000000089380000)
 Metaspace       used 97982K, capacity 102568K, committed 103000K, reserved 1138688K
  class space    used 12552K, capacity 13495K, committed 13656K, reserved 1048576K
Event: 4255.874 GC heap after
Heap after GC invocations=22 (full 4):
 PSYoungGen      total 368128K, used 25990K [0x00000000d5580000, 0x00000000ef680000, 0x0000000100000000)
  eden space 324608K, 0% used [0x00000000d5580000,0x00000000d5580000,0x00000000e9280000)
  from space 43520K, 59% used [0x00000000ecc00000,0x00000000ee561be0,0x00000000ef680000)
  to   space 51200K, 0% used [0x00000000e9280000,0x00000000e9280000,0x00000000ec480000)
 ParOldGen       total 151040K, used 83094K [0x0000000080000000, 0x0000000089380000, 0x00000000d5580000)
  object space 151040K, 55% used [0x0000000080000000,0x0000000085125948,0x0000000089380000)
 Metaspace       used 97982K, capacity 102568K, committed 103000K, reserved 1138688K
  class space    used 12552K, capacity 13495K, committed 13656K, reserved 1048576K
}
Event: 4267.822 GC heap before
{Heap before GC invocations=23 (full 4):
 PSYoungGen      total 368128K, used 350598K [0x00000000d5580000, 0x00000000ef680000, 0x0000000100000000)
  eden space 324608K, 100% used [0x00000000d5580000,0x00000000e9280000,0x00000000e9280000)
  from space 43520K, 59% used [0x00000000ecc00000,0x00000000ee561be0,0x00000000ef680000)
  to   space 51200K, 0% used [0x00000000e9280000,0x00000000e9280000,0x00000000ec480000)
 ParOldGen       total 151040K, used 83094K [0x0000000080000000, 0x0000000089380000, 0x00000000d5580000)
  object space 151040K, 55% used [0x0000000080000000,0x0000000085125948,0x0000000089380000)
 Metaspace       used 98873K, capacity 103578K, committed 103768K, reserved 1138688K
  class space    used 12668K, capacity 13616K, committed 13656K, reserved 1048576K
Event: 4268.358 GC heap after
Heap after GC invocations=23 (full 4):
 PSYoungGen      total 375808K, used 28243K [0x00000000d5580000, 0x00000000f4080000, 0x0000000100000000)
  eden space 324608K, 0% used [0x00000000d5580000,0x00000000d5580000,0x00000000e9280000)
  from space 51200K, 55% used [0x00000000e9280000,0x00000000eae14c10,0x00000000ec480000)
  to   space 50688K, 0% used [0x00000000f0f00000,0x00000000f0f00000,0x00000000f4080000)
 ParOldGen       total 151040K, used 83102K [0x0000000080000000, 0x0000000089380000, 0x00000000d5580000)
  object space 151040K, 55% used [0x0000000080000000,0x0000000085127948,0x0000000089380000)
 Metaspace       used 98873K, capacity 103578K, committed 103768K, reserved 1138688K
  class space    used 12668K, capacity 13616K, committed 13656K, reserved 1048576K
}
Event: 4284.825 GC heap before
{Heap before GC invocations=24 (full 4):
 PSYoungGen      total 375808K, used 352851K [0x00000000d5580000, 0x00000000f4080000, 0x0000000100000000)
  eden space 324608K, 100% used [0x00000000d5580000,0x00000000e9280000,0x00000000e9280000)
  from space 51200K, 55% used [0x00000000e9280000,0x00000000eae14c10,0x00000000ec480000)
  to   space 50688K, 0% used [0x00000000f0f00000,0x00000000f0f00000,0x00000000f4080000)
 ParOldGen       total 151040K, used 83102K [0x0000000080000000, 0x0000000089380000, 0x00000000d5580000)
  object space 151040K, 55% used [0x0000000080000000,0x0000000085127948,0x0000000089380000)
 Metaspace       used 107246K, capacity 112518K, committed 112600K, reserved 1146880K
  class space    used 13756K, capacity 14798K, committed 14808K, reserved 1048576K
Event: 4284.901 GC heap after
Heap after GC invocations=24 (full 4):
 PSYoungGen      total 445952K, used 41039K [0x00000000d5580000, 0x00000000f4280000, 0x0000000100000000)
  eden space 395264K, 0% used [0x00000000d5580000,0x00000000d5580000,0x00000000ed780000)
  from space 50688K, 80% used [0x00000000f0f00000,0x00000000f3713e08,0x00000000f4080000)
  to   space 54784K, 0% used [0x00000000ed780000,0x00000000ed780000,0x00000000f0d00000)
 ParOldGen       total 151040K, used 101147K [0x0000000080000000, 0x0000000089380000, 0x00000000d5580000)
  object space 151040K, 66% used [0x0000000080000000,0x00000000862c6dc8,0x0000000089380000)
 Metaspace       used 107246K, capacity 112518K, committed 112600K, reserved 1146880K
  class space    used 13756K, capacity 14798K, committed 14808K, reserved 1048576K
}

