# JRE version: OpenJDK Runtime Environment (8.0_242-b01) (build 1.8.0_242-release-1644-b01)
# Java VM: OpenJDK 64-Bit Server VM (25.242-b01 mixed mode windows-amd64 compressed oops)
Heap:
 PSYoungGen      total 321536K, used 320334K [0x00000000d5580000, 0x00000000ee180000, 0x0000000100000000)
  eden space 293888K, 100% used [0x00000000d5580000,0x00000000e7480000,0x00000000e7480000)
  from space 27648K, 95% used [0x00000000ec680000,0x00000000ee053a50,0x00000000ee180000)
  to   space 55808K, 36% used [0x00000000e7480000,0x00000000e8868518,0x00000000eab00000)
 ParOldGen       total 168448K, used 120488K [0x0000000080000000, 0x000000008a480000, 0x00000000d5580000)
  object space 168448K, 71% used [0x0000000080000000,0x00000000875aa198,0x000000008a480000)
 Metaspace       used 114886K, capacity 122816K, committed 123008K, reserved 1157120K
  class space    used 14745K, capacity 16182K, committed 16256K, reserved 1048576K
GC Heap History (10 events):
Event: 2151.380 GC heap before
{Heap before GC invocations=36 (full 4):
 PSYoungGen      total 333312K, used 290476K [0x00000000d5580000, 0x00000000ef580000, 0x0000000100000000)
  eden space 265728K, 99% used [0x00000000d5580000,0x00000000e5826298,0x00000000e5900000)
  from space 67584K, 37% used [0x00000000e5900000,0x00000000e7205018,0x00000000e9b00000)
  to   space 65536K, 0% used [0x00000000eb580000,0x00000000eb580000,0x00000000ef580000)
 ParOldGen       total 168448K, used 120448K [0x0000000080000000, 0x000000008a480000, 0x00000000d5580000)
  object space 168448K, 71% used [0x0000000080000000,0x00000000875a0198,0x000000008a480000)
 Metaspace       used 113356K, capacity 120548K, committed 120704K, reserved 1155072K
  class space    used 14624K, capacity 15952K, committed 16000K, reserved 1048576K
Event: 2151.444 GC heap after
Heap after GC invocations=36 (full 4):
 PSYoungGen      total 349184K, used 39373K [0x00000000d5580000, 0x00000000eef00000, 0x0000000100000000)
  eden space 290304K, 0% used [0x00000000d5580000,0x00000000d5580000,0x00000000e7100000)
  from space 58880K, 66% used [0x00000000eb580000,0x00000000edbf37d8,0x00000000eef00000)
  to   space 64512K, 0% used [0x00000000e7100000,0x00000000e7100000,0x00000000eb000000)
 ParOldGen       total 168448K, used 120456K [0x0000000080000000, 0x000000008a480000, 0x00000000d5580000)
  object space 168448K, 71% used [0x0000000080000000,0x00000000875a2198,0x000000008a480000)
 Metaspace       used 113356K, capacity 120548K, committed 120704K, reserved 1155072K
  class space    used 14624K, capacity 15952K, committed 16000K, reserved 1048576K
}
Event: 2226.405 GC heap before
{Heap before GC invocations=37 (full 4):
 PSYoungGen      total 349184K, used 329677K [0x00000000d5580000, 0x00000000eef00000, 0x0000000100000000)
  eden space 290304K, 100% used [0x00000000d5580000,0x00000000e7100000,0x00000000e7100000)
  from space 58880K, 66% used [0x00000000eb580000,0x00000000edbf37d8,0x00000000eef00000)
  to   space 64512K, 0% used [0x00000000e7100000,0x00000000e7100000,0x00000000eb000000)
 ParOldGen       total 168448K, used 120456K [0x0000000080000000, 0x000000008a480000, 0x00000000d5580000)
  object space 168448K, 71% used [0x0000000080000000,0x00000000875a2198,0x000000008a480000)
 Metaspace       used 113615K, capacity 121026K, committed 121216K, reserved 1155072K
  class space    used 14644K, capacity 15989K, committed 16000K, reserved 1048576K
Event: 2226.469 GC heap after
Heap after GC invocations=37 (full 4):
 PSYoungGen      total 354816K, used 34756K [0x00000000d5580000, 0x00000000efc80000, 0x0000000100000000)
  eden space 290304K, 0% used [0x00000000d5580000,0x00000000d5580000,0x00000000e7100000)
  from space 64512K, 53% used [0x00000000e7100000,0x00000000e92f10e0,0x00000000eb000000)
  to   space 61952K, 0% used [0x00000000ec000000,0x00000000ec000000,0x00000000efc80000)
 ParOldGen       total 168448K, used 120464K [0x0000000080000000, 0x000000008a480000, 0x00000000d5580000)
  object space 168448K, 71% used [0x0000000080000000,0x00000000875a4198,0x000000008a480000)
 Metaspace       used 113615K, capacity 121026K, committed 121216K, reserved 1155072K
  class space    used 14644K, capacity 15989K, committed 16000K, reserved 1048576K
}
Event: 3241.038 GC heap before
{Heap before GC invocations=38 (full 4):
 PSYoungGen      total 354816K, used 325060K [0x00000000d5580000, 0x00000000efc80000, 0x0000000100000000)
  eden space 290304K, 100% used [0x00000000d5580000,0x00000000e7100000,0x00000000e7100000)
  from space 64512K, 53% used [0x00000000e7100000,0x00000000e92f10e0,0x00000000eb000000)
  to   space 61952K, 0% used [0x00000000ec000000,0x00000000ec000000,0x00000000efc80000)
 ParOldGen       total 168448K, used 120464K [0x0000000080000000, 0x000000008a480000, 0x00000000d5580000)
  object space 168448K, 71% used [0x0000000080000000,0x00000000875a4198,0x000000008a480000)
 Metaspace       used 113896K, capacity 121488K, committed 121600K, reserved 1155072K
  class space    used 14681K, capacity 16058K, committed 16128K, reserved 1048576K
Event: 3241.342 GC heap after
Heap after GC invocations=38 (full 4):
 PSYoungGen      total 358912K, used 33428K [0x00000000d5580000, 0x00000000ef400000, 0x0000000100000000)
  eden space 305664K, 0% used [0x00000000d5580000,0x00000000d5580000,0x00000000e8000000)
  from space 53248K, 62% used [0x00000000ec000000,0x00000000ee0a50d0,0x00000000ef400000)
  to   space 59392K, 0% used [0x00000000e8000000,0x00000000e8000000,0x00000000eba00000)
 ParOldGen       total 168448K, used 120472K [0x0000000080000000, 0x000000008a480000, 0x00000000d5580000)
  object space 168448K, 71% used [0x0000000080000000,0x00000000875a6198,0x000000008a480000)
 Metaspace       used 113896K, capacity 121488K, committed 121600K, reserved 1155072K
  class space    used 14681K, capacity 16058K, committed 16128K, reserved 1048576K
}
Event: 3271.014 GC heap before
{Heap before GC invocations=39 (full 4):
 PSYoungGen      total 358912K, used 339062K [0x00000000d5580000, 0x00000000ef400000, 0x0000000100000000)
  eden space 305664K, 99% used [0x00000000d5580000,0x00000000e7ff8940,0x00000000e8000000)
  from space 53248K, 62% used [0x00000000ec000000,0x00000000ee0a50d0,0x00000000ef400000)
  to   space 59392K, 0% used [0x00000000e8000000,0x00000000e8000000,0x00000000eba00000)
 ParOldGen       total 168448K, used 120472K [0x0000000080000000, 0x000000008a480000, 0x00000000d5580000)
  object space 168448K, 71% used [0x0000000080000000,0x00000000875a6198,0x000000008a480000)
 Metaspace       used 114272K, capacity 121990K, committed 122112K, reserved 1155072K
  class space    used 14712K, capacity 16125K, committed 16128K, reserved 1048576K
Event: 3271.080 GC heap after
Heap after GC invocations=39 (full 4):
 PSYoungGen      total 365056K, used 32349K [0x00000000d5580000, 0x00000000efe00000, 0x0000000100000000)
  eden space 305664K, 0% used [0x00000000d5580000,0x00000000d5580000,0x00000000e8000000)
  from space 59392K, 54% used [0x00000000e8000000,0x00000000e9f97518,0x00000000eba00000)
  to   space 56832K, 0% used [0x00000000ec680000,0x00000000ec680000,0x00000000efe00000)
 ParOldGen       total 168448K, used 120480K [0x0000000080000000, 0x000000008a480000, 0x00000000d5580000)
  object space 168448K, 71% used [0x0000000080000000,0x00000000875a8198,0x000000008a480000)
 Metaspace       used 114272K, capacity 121990K, committed 122112K, reserved 1155072K
  class space    used 14712K, capacity 16125K, committed 16128K, reserved 1048576K
}
Event: 8948.474 GC heap before
{Heap before GC invocations=40 (full 4):
 PSYoungGen      total 365056K, used 338013K [0x00000000d5580000, 0x00000000efe00000, 0x0000000100000000)
  eden space 305664K, 100% used [0x00000000d5580000,0x00000000e8000000,0x00000000e8000000)
  from space 59392K, 54% used [0x00000000e8000000,0x00000000e9f97518,0x00000000eba00000)
  to   space 56832K, 0% used [0x00000000ec680000,0x00000000ec680000,0x00000000efe00000)
 ParOldGen       total 168448K, used 120480K [0x0000000080000000, 0x000000008a480000, 0x00000000d5580000)
  object space 168448K, 71% used [0x0000000080000000,0x00000000875a8198,0x000000008a480000)
 Metaspace       used 114674K, capacity 122600K, committed 122752K, reserved 1155072K
  class space    used 14744K, capacity 16182K, committed 16256K, reserved 1048576K
Event: 8948.817 GC heap after
Heap after GC invocations=40 (full 4):
 PSYoungGen      total 321536K, used 26446K [0x00000000d5580000, 0x00000000ee180000, 0x0000000100000000)
  eden space 293888K, 0% used [0x00000000d5580000,0x00000000d5580000,0x00000000e7480000)
  from space 27648K, 95% used [0x00000000ec680000,0x00000000ee053a50,0x00000000ee180000)
  to   space 55808K, 0% used [0x00000000e7480000,0x00000000e7480000,0x00000000eab00000)
 ParOldGen       total 168448K, used 120488K [0x0000000080000000, 0x000000008a480000, 0x00000000d5580000)
  object space 168448K, 71% used [0x0000000080000000,0x00000000875aa198,0x000000008a480000)
 Metaspace       used 114674K, capacity 122600K, committed 122752K, reserved 1155072K
  class space    used 14744K, capacity 16182K, committed 16256K, reserved 1048576K
}

