# JRE version: OpenJDK Runtime Environment (8.0_242-b01) (build 1.8.0_242-release-1644-b01)
# Java VM: OpenJDK 64-Bit Server VM (25.242-b01 mixed mode windows-amd64 compressed oops)
Heap:
 PSYoungGen      total 383488K, used 63990K [0x00000000d5580000, 0x00000000eff00000, 0x0000000100000000)
  eden space 331264K, 15% used [0x00000000d5580000,0x00000000d8819bc8,0x00000000e9900000)
  from space 52224K, 23% used [0x00000000e9900000,0x00000000ea4e3fa0,0x00000000ecc00000)
  to   space 47104K, 0% used [0x00000000ed100000,0x00000000ed100000,0x00000000eff00000)
 ParOldGen       total 180736K, used 80723K [0x0000000080000000, 0x000000008b080000, 0x00000000d5580000)
  object space 180736K, 44% used [0x0000000080000000,0x0000000084ed4ec8,0x000000008b080000)
 Metaspace       used 95972K, capacity 100244K, committed 100392K, reserved 1136640K
  class space    used 12519K, capacity 13336K, committed 13360K, reserved 1048576K
GC Heap History (10 events):
Event: 57.876 GC heap before
{Heap before GC invocations=22 (full 4):
 PSYoungGen      total 286208K, used 19566K [0x00000000d5580000, 0x00000000e9080000, 0x0000000100000000)
  eden space 251904K, 0% used [0x00000000d5580000,0x00000000d5580000,0x00000000e4b80000)
  from space 34304K, 57% used [0x00000000e6f00000,0x00000000e821bbd0,0x00000000e9080000)
  to   space 35328K, 0% used [0x00000000e4b80000,0x00000000e4b80000,0x00000000e6e00000)
 ParOldGen       total 86528K, used 70387K [0x0000000080000000, 0x0000000085480000, 0x00000000d5580000)
  object space 86528K, 81% used [0x0000000080000000,0x00000000844bce10,0x0000000085480000)
 Metaspace       used 77275K, capacity 81538K, committed 81832K, reserved 1120256K
  class space    used 10516K, capacity 11329K, committed 11440K, reserved 1048576K
Event: 57.998 GC heap after
Heap after GC invocations=22 (full 4):
 PSYoungGen      total 286208K, used 0K [0x00000000d5580000, 0x00000000e9080000, 0x0000000100000000)
  eden space 251904K, 0% used [0x00000000d5580000,0x00000000d5580000,0x00000000e4b80000)
  from space 34304K, 0% used [0x00000000e6f00000,0x00000000e6f00000,0x00000000e9080000)
  to   space 35328K, 0% used [0x00000000e4b80000,0x00000000e4b80000,0x00000000e6e00000)
 ParOldGen       total 148480K, used 71439K [0x0000000080000000, 0x0000000089100000, 0x00000000d5580000)
  object space 148480K, 48% used [0x0000000080000000,0x00000000845c3e88,0x0000000089100000)
 Metaspace       used 76882K, capacity 80412K, committed 81832K, reserved 1120256K
  class space    used 10384K, capacity 11096K, committed 11440K, reserved 1048576K
}
Event: 59.474 GC heap before
{Heap before GC invocations=23 (full 4):
 PSYoungGen      total 286208K, used 248071K [0x00000000d5580000, 0x00000000e9080000, 0x0000000100000000)
  eden space 251904K, 98% used [0x00000000d5580000,0x00000000e47c1fd8,0x00000000e4b80000)
  from space 34304K, 0% used [0x00000000e6f00000,0x00000000e6f00000,0x00000000e9080000)
  to   space 35328K, 0% used [0x00000000e4b80000,0x00000000e4b80000,0x00000000e6e00000)
 ParOldGen       total 148480K, used 71439K [0x0000000080000000, 0x0000000089100000, 0x00000000d5580000)
  object space 148480K, 48% used [0x0000000080000000,0x00000000845c3e88,0x0000000089100000)
 Metaspace       used 76964K, capacity 80552K, committed 81832K, reserved 1120256K
  class space    used 10386K, capacity 11096K, committed 11440K, reserved 1048576K
Event: 59.711 GC heap after
Heap after GC invocations=23 (full 4):
 PSYoungGen      total 287232K, used 35324K [0x00000000d5580000, 0x00000000f0500000, 0x0000000100000000)
  eden space 251904K, 0% used [0x00000000d5580000,0x00000000d5580000,0x00000000e4b80000)
  from space 35328K, 99% used [0x00000000e4b80000,0x00000000e6dff198,0x00000000e6e00000)
  to   space 53248K, 0% used [0x00000000ed100000,0x00000000ed100000,0x00000000f0500000)
 ParOldGen       total 148480K, used 105591K [0x0000000080000000, 0x0000000089100000, 0x00000000d5580000)
  object space 148480K, 71% used [0x0000000080000000,0x000000008671df58,0x0000000089100000)
 Metaspace       used 76964K, capacity 80552K, committed 81832K, reserved 1120256K
  class space    used 10386K, capacity 11096K, committed 11440K, reserved 1048576K
}
Event: 1758.283 GC heap before
{Heap before GC invocations=24 (full 4):
 PSYoungGen      total 287232K, used 287228K [0x00000000d5580000, 0x00000000f0500000, 0x0000000100000000)
  eden space 251904K, 100% used [0x00000000d5580000,0x00000000e4b80000,0x00000000e4b80000)
  from space 35328K, 99% used [0x00000000e4b80000,0x00000000e6dff198,0x00000000e6e00000)
  to   space 53248K, 0% used [0x00000000ed100000,0x00000000ed100000,0x00000000f0500000)
 ParOldGen       total 148480K, used 105591K [0x0000000080000000, 0x0000000089100000, 0x00000000d5580000)
  object space 148480K, 71% used [0x0000000080000000,0x000000008671df58,0x0000000089100000)
 Metaspace       used 87127K, capacity 91222K, committed 91560K, reserved 1128448K
  class space    used 11537K, capacity 12363K, committed 12464K, reserved 1048576K
Event: 1761.679 GC heap after
Heap after GC invocations=24 (full 4):
 PSYoungGen      total 378368K, used 27310K [0x00000000d5580000, 0x00000000eff00000, 0x0000000100000000)
  eden space 331264K, 0% used [0x00000000d5580000,0x00000000d5580000,0x00000000e9900000)
  from space 47104K, 57% used [0x00000000ed100000,0x00000000eebabb80,0x00000000eff00000)
  to   space 52224K, 0% used [0x00000000e9900000,0x00000000e9900000,0x00000000ecc00000)
 ParOldGen       total 148480K, used 140791K [0x0000000080000000, 0x0000000089100000, 0x00000000d5580000)
  object space 148480K, 94% used [0x0000000080000000,0x000000008897df58,0x0000000089100000)
 Metaspace       used 87127K, capacity 91222K, committed 91560K, reserved 1128448K
  class space    used 11537K, capacity 12363K, committed 12464K, reserved 1048576K
}
Event: 1761.680 GC heap before
{Heap before GC invocations=25 (full 5):
 PSYoungGen      total 378368K, used 27310K [0x00000000d5580000, 0x00000000eff00000, 0x0000000100000000)
  eden space 331264K, 0% used [0x00000000d5580000,0x00000000d5580000,0x00000000e9900000)
  from space 47104K, 57% used [0x00000000ed100000,0x00000000eebabb80,0x00000000eff00000)
  to   space 52224K, 0% used [0x00000000e9900000,0x00000000e9900000,0x00000000ecc00000)
 ParOldGen       total 148480K, used 140791K [0x0000000080000000, 0x0000000089100000, 0x00000000d5580000)
  object space 148480K, 94% used [0x0000000080000000,0x000000008897df58,0x0000000089100000)
 Metaspace       used 87127K, capacity 91222K, committed 91560K, reserved 1128448K
  class space    used 11537K, capacity 12363K, committed 12464K, reserved 1048576K
Event: 1767.791 GC heap after
Heap after GC invocations=25 (full 5):
 PSYoungGen      total 378368K, used 0K [0x00000000d5580000, 0x00000000eff00000, 0x0000000100000000)
  eden space 331264K, 0% used [0x00000000d5580000,0x00000000d5580000,0x00000000e9900000)
  from space 47104K, 0% used [0x00000000ed100000,0x00000000ed100000,0x00000000eff00000)
  to   space 52224K, 0% used [0x00000000e9900000,0x00000000e9900000,0x00000000ecc00000)
 ParOldGen       total 180736K, used 80715K [0x0000000080000000, 0x000000008b080000, 0x00000000d5580000)
  object space 180736K, 44% used [0x0000000080000000,0x0000000084ed2ec8,0x000000008b080000)
 Metaspace       used 87127K, capacity 91222K, committed 91560K, reserved 1128448K
  class space    used 11537K, capacity 12363K, committed 12464K, reserved 1048576K
}
Event: 1826.063 GC heap before
{Heap before GC invocations=26 (full 5):
 PSYoungGen      total 378368K, used 331264K [0x00000000d5580000, 0x00000000eff00000, 0x0000000100000000)
  eden space 331264K, 100% used [0x00000000d5580000,0x00000000e9900000,0x00000000e9900000)
  from space 47104K, 0% used [0x00000000ed100000,0x00000000ed100000,0x00000000eff00000)
  to   space 52224K, 0% used [0x00000000e9900000,0x00000000e9900000,0x00000000ecc00000)
 ParOldGen       total 180736K, used 80715K [0x0000000080000000, 0x000000008b080000, 0x00000000d5580000)
  object space 180736K, 44% used [0x0000000080000000,0x0000000084ed2ec8,0x000000008b080000)
 Metaspace       used 91967K, capacity 96212K, committed 96424K, reserved 1132544K
  class space    used 12066K, capacity 12888K, committed 12976K, reserved 1048576K
Event: 1826.112 GC heap after
Heap after GC invocations=26 (full 5):
 PSYoungGen      total 383488K, used 12175K [0x00000000d5580000, 0x00000000eff00000, 0x0000000100000000)
  eden space 331264K, 0% used [0x00000000d5580000,0x00000000d5580000,0x00000000e9900000)
  from space 52224K, 23% used [0x00000000e9900000,0x00000000ea4e3fa0,0x00000000ecc00000)
  to   space 47104K, 0% used [0x00000000ed100000,0x00000000ed100000,0x00000000eff00000)
 ParOldGen       total 180736K, used 80723K [0x0000000080000000, 0x000000008b080000, 0x00000000d5580000)
  object space 180736K, 44% used [0x0000000080000000,0x0000000084ed4ec8,0x000000008b080000)
 Metaspace       used 91967K, capacity 96212K, committed 96424K, reserved 1132544K
  class space    used 12066K, capacity 12888K, committed 12976K, reserved 1048576K
}

